[[Fit Statistics]]
    # function evals   = 9
    # data points      = 7
    # variables        = 1
    chi-square         = 0.000
    reduced chi-square = 0.000
[[Variables]]
    d1:         0.99708 (fixed)
    d2:         1.10978 (fixed)
    d3:         2.165 (fixed)
    rkp12_1:    0 (fixed)
    rkp12_2:    0 (fixed)
    rkp12_3:    0 (fixed)
    rkp13_1:    0 (fixed)
    rkp13_2:    0 (fixed)
    rkp13_3:    0 (fixed)
    rkp23_1:   -0.05673321 +/- 0.001085 (1.91%) (init= 0)
    rkp23_2:    0 (fixed)
    rkp23_3:    0 (fixed)
    rkp123_1:   0 (fixed)
    rkp123_2:   0 (fixed)
    rkp123_3:   0 (fixed)
[[Correlations]] (unreported correlations are <  0.100)
[[Results]]
    rho 	rho_calc 		err
    1.10978 	1.10978 	0.0
    1.11614 	1.1159576625 	0.000182337497966
    1.12609 	1.12582969334 	0.00026030665794
    1.13475 	1.13465057835 	9.94216487891e-05
    1.14103 	1.14106227763 	3.22776346726e-05
    1.14751 	1.14750587799 	4.12201187072e-06
    1.15153 	1.15169770475 	0.000167704754785
    
    Mean deviation: 0.000106595743718
    Max deviation:  0.00026030665794
