[[Fit Statistics]]
    # function evals   = 9
    # data points      = 5
    # variables        = 1
    chi-square         = 0.000
    reduced chi-square = 0.000
[[Variables]]
    d1:         0.99708 (fixed)
    d2:         1.10978 (fixed)
    d3:         2.165 (fixed)
    rkp12_1:   -0.04106607 (fixed)
    rkp12_2:    0.01414796 (fixed)
    rkp12_3:    0.00721512 (fixed)
    rkp13_1:   -0.1050671 (fixed)
    rkp13_2:   -0.05215804 (fixed)
    rkp13_3:    0 (fixed)
    rkp23_1:   -0.05673321 (fixed)
    rkp23_2:    0 (fixed)
    rkp23_3:    0 (fixed)
    rkp123_1:  -0.36643571 +/- 0.092548 (25.26%) (init= 0)
    rkp123_2:   0 (fixed)
    rkp123_3:   0 (fixed)
[[Correlations]] (unreported correlations are <  0.100)
[[Results]]
    rho 	rho_calc 		err
    1.108625 	1.10877281269 	0.000147812694995
    1.1213133 	1.12129329995 	2.0000054084e-05
    1.134035 	1.13402930998 	5.69001644668e-06
    1.140225 	1.14042286008 	0.000197860083171
    1.14767 	1.14751649955 	0.000153500450711
    
    Mean deviation: 0.000104972659881
    Max deviation:  0.000197860083171
