[[Fit Statistics]]
    # function evals   = 15
    # data points      = 12
    # variables        = 2
    chi-square         = 0.000
    reduced chi-square = 0.000
[[Variables]]
    d1:         0.99708 (fixed)
    d2:         1.10978 (fixed)
    d3:         2.165 (fixed)
    rkp12_1:    0 (fixed)
    rkp12_2:    0 (fixed)
    rkp12_3:    0 (fixed)
    rkp13_1:   -0.10506706 +/- 0.002322 (2.21%) (init= 0)
    rkp13_2:   -0.05215804 +/- 0.004056 (7.78%) (init= 0)
    rkp13_3:    0 (fixed)
    rkp23_1:    0 (fixed)
    rkp23_2:    0 (fixed)
    rkp23_3:    0 (fixed)
    rkp123_1:   0 (fixed)
    rkp123_2:   0 (fixed)
    rkp123_3:   0 (fixed)
[[Correlations]] (unreported correlations are <  0.100)
    C(rkp13_1, rkp13_2)          = -0.983 
[[Results]]
    rho 	rho_calc 		err
    0.99708 	0.99708 	1.11022302463e-16
    1.01143 	1.01121546495 	0.000214535049307
    1.02541 	1.02521709362 	0.000192906381344
    1.03992 	1.03976230536 	0.000157694637792
    1.05449 	1.05440171012 	8.82898831551e-05
    1.07632 	1.07633204984 	1.20498359961e-05
    1.10523 	1.10541476129 	0.000184761294091
    1.12186 	1.12207179598 	0.000211795981268
    1.14559 	1.14586430933 	0.000274309326669
    1.17032 	1.1697423042 	0.00057769579728
    1.1943 	1.19443483712 	0.00013483711962
    1.19772 	1.19774429484 	2.42948434588e-05
    
    Mean deviation: 0.000172764179165
    Max deviation:  0.00057769579728
